<?xml version="1.0" encoding="UTF-8"?>
<!-- Generated by org.testng.reporters.JUnitReportReporter -->
<testsuite hostname="17ac50580af8" failures="0" tests="9" name="org.sumeet.tests.vendorPortal.VendorPortalTests" time="51.626" errors="0" timestamp="2024-05-03T12:55:47 GMT" skipped="0">
  <testcase classname="org.sumeet.tests.vendorPortal.VendorPortalTests" name="logoutTest" time="5.866"/>
  <testcase classname="org.sumeet.tests.vendorPortal.VendorPortalTests" name="loginTest" time="5.956"/>
  <testcase classname="org.sumeet.tests.vendorPortal.VendorPortalTests" name="dashboardTest" time="5.257"/>
  <testcase classname="org.sumeet.tests.vendorPortal.VendorPortalTests" name="loginTest" time="5.895"/>
  <testcase classname="org.sumeet.tests.vendorPortal.VendorPortalTests" name="dashboardTest" time="5.189"/>
  <testcase classname="org.sumeet.tests.vendorPortal.VendorPortalTests" name="dashboardTest" time="5.215"/>
  <testcase classname="org.sumeet.tests.vendorPortal.VendorPortalTests" name="logoutTest" time="5.770"/>
  <testcase classname="org.sumeet.tests.vendorPortal.VendorPortalTests" name="loginTest" time="6.508"/>
  <testcase classname="org.sumeet.tests.vendorPortal.VendorPortalTests" name="logoutTest" time="5.970"/>
</testsuite> <!-- org.sumeet.tests.vendorPortal.VendorPortalTests -->
