<?xml version="1.0" encoding="UTF-8"?>
<!-- Generated by org.testng.reporters.JUnitReportReporter -->
<testsuite hostname="3288867b6ccc" failures="0" tests="20" name="org.sumeet.tests.flightReservation.RegistrationPageTests" time="118.989" errors="0" timestamp="2024-05-03T12:56:00 GMT" skipped="0">
  <testcase classname="org.sumeet.tests.flightReservation.RegistrationPageTests" name="userRegistrationConfirmationTest" time="5.126"/>
  <testcase classname="org.sumeet.tests.flightReservation.RegistrationPageTests" name="userFlightSelectionPageTest" time="5.729"/>
  <testcase classname="org.sumeet.tests.flightReservation.RegistrationPageTests" name="userRegistrationTest" time="8.817"/>
  <testcase classname="org.sumeet.tests.flightReservation.RegistrationPageTests" name="userFlightSelectionPageTest" time="5.752"/>
  <testcase classname="org.sumeet.tests.flightReservation.RegistrationPageTests" name="userFlightSelectionPageTest" time="5.740"/>
  <testcase classname="org.sumeet.tests.flightReservation.RegistrationPageTests" name="userFlightSearchPageTest" time="5.597"/>
  <testcase classname="org.sumeet.tests.flightReservation.RegistrationPageTests" name="userFlightReservationConfirmationPageTest" time="5.132"/>
  <testcase classname="org.sumeet.tests.flightReservation.RegistrationPageTests" name="userFlightSelectionPageTest" time="5.738"/>
  <testcase classname="org.sumeet.tests.flightReservation.RegistrationPageTests" name="userRegistrationTest" time="7.583"/>
  <testcase classname="org.sumeet.tests.flightReservation.RegistrationPageTests" name="userFlightSearchPageTest" time="5.615"/>
  <testcase classname="org.sumeet.tests.flightReservation.RegistrationPageTests" name="userFlightSearchPageTest" time="5.635"/>
  <testcase classname="org.sumeet.tests.flightReservation.RegistrationPageTests" name="userRegistrationConfirmationTest" time="5.110"/>
  <testcase classname="org.sumeet.tests.flightReservation.RegistrationPageTests" name="userRegistrationConfirmationTest" time="5.099"/>
  <testcase classname="org.sumeet.tests.flightReservation.RegistrationPageTests" name="userRegistrationTest" time="8.710"/>
  <testcase classname="org.sumeet.tests.flightReservation.RegistrationPageTests" name="userFlightReservationConfirmationPageTest" time="5.138"/>
  <testcase classname="org.sumeet.tests.flightReservation.RegistrationPageTests" name="userFlightReservationConfirmationPageTest" time="5.111"/>
  <testcase classname="org.sumeet.tests.flightReservation.RegistrationPageTests" name="userFlightReservationConfirmationPageTest" time="5.162"/>
  <testcase classname="org.sumeet.tests.flightReservation.RegistrationPageTests" name="userRegistrationConfirmationTest" time="5.117"/>
  <testcase classname="org.sumeet.tests.flightReservation.RegistrationPageTests" name="userFlightSearchPageTest" time="5.620"/>
  <testcase classname="org.sumeet.tests.flightReservation.RegistrationPageTests" name="userRegistrationTest" time="7.458"/>
</testsuite> <!-- org.sumeet.tests.flightReservation.RegistrationPageTests -->
